
=== Sun Mar 27 20:30:32 2022

Packages were changed.
Update Mode: mergeDefaultDependencies

The following packages were added:
  com.unity.collab-proxy@1.9.0
  com.unity.ide.rider@3.0.7
  com.unity.ide.visualstudio@2.0.11
  com.unity.ide.vscode@1.2.4
  com.unity.modules.ai@1.0.0
  com.unity.modules.androidjni@1.0.0
  com.unity.modules.animation@1.0.0
  com.unity.modules.assetbundle@1.0.0
  com.unity.modules.audio@1.0.0
  com.unity.modules.cloth@1.0.0
  com.unity.modules.director@1.0.0
  com.unity.modules.imageconversion@1.0.0
  com.unity.modules.imgui@1.0.0
  com.unity.modules.jsonserialize@1.0.0
  com.unity.modules.particlesystem@1.0.0
  com.unity.modules.physics@1.0.0
  com.unity.modules.physics2d@1.0.0
  com.unity.modules.screencapture@1.0.0
  com.unity.modules.terrain@1.0.0
  com.unity.modules.terrainphysics@1.0.0
  com.unity.modules.tilemap@1.0.0
  com.unity.modules.ui@1.0.0
  com.unity.modules.uielements@1.0.0
  com.unity.modules.umbra@1.0.0
  com.unity.modules.unityanalytics@1.0.0
  com.unity.modules.unitywebrequest@1.0.0
  com.unity.modules.unitywebrequestassetbundle@1.0.0
  com.unity.modules.unitywebrequestaudio@1.0.0
  com.unity.modules.unitywebrequesttexture@1.0.0
  com.unity.modules.unitywebrequestwww@1.0.0
  com.unity.modules.vehicles@1.0.0
  com.unity.modules.video@1.0.0
  com.unity.modules.vr@1.0.0
  com.unity.modules.wind@1.0.0
  com.unity.modules.xr@1.0.0
  com.unity.test-framework@1.1.29
  com.unity.textmeshpro@3.0.6
  com.unity.timeline@1.5.6
  com.unity.ugui@1.0.0
  com.unity.visualscripting@1.6.1

=== Thu Mar 31 21:32:19 2022

Packages were changed.
Update Mode: mergeDefaultDependencies

The following packages were added:
  com.unity.postprocessing@2.3.0

=== Thu Apr  7 09:23:06 2022

Packages were changed.
Update Mode: mergeDefaultDependencies

The following packages were added:
  com.unity.2d.sprite@1.0.0
  com.unity.2d.tilemap@1.0.0
  com.unity.progrids@3.0.3-preview.4

=== Sat Jun 11 15:35:34 2022

Packages were changed.
Update Mode: updateDependencies

The following packages were added:
  com.unity.ads@3.7.5
  com.unity.analytics@3.6.11
  com.unity.purchasing@3.2.3
  com.unity.xr.legacyinputhelpers@2.1.8

=== Fri Mar 13 19:18:36 2026

Packages were changed.
Update Mode: updateDependencies

The following packages were updated:
  com.unity.animation.rigging from version 1.3.0 to 1.4.1
  com.unity.ide.rider from version 3.0.35 to 3.0.39
  com.unity.ide.visualstudio from version 2.0.22 to 2.0.27
  com.unity.inputsystem from version 1.11.2 to 1.19.0
  com.unity.postprocessing from version 3.4.0 to 3.5.0
  com.unity.probuilder from version 5.2.0 to 6.0.9
  com.unity.purchasing from version 4.12.2 to 4.14.2
  com.unity.test-framework from version 1.4.6 to 1.6.0
  com.unity.timeline from version 1.8.7 to 1.8.10
  com.unity.ugui from version 1.0.0 to 2.0.0
  com.unity.visualscripting from version 1.9.5 to 1.9.7
The following packages were removed:
  com.unity.textmeshpro@3.0.9
